<?xml version="1.0" encoding="UTF-8"?>
<!-- Generated by org.testng.reporters.JUnitXMLReporter -->
<testsuite ignored="0" hostname="SVT-PC-155" failures="1" tests="1" name="NirogStreet" time="61.824" errors="0" timestamp="2023-07-18T14:05:41 IST">
  <testcase classname="io.cucumber.testng.AbstractTestNGCucumberTests" name="runScenario" time="60.483">
    <failure type="org.openqa.selenium.TimeoutException" message="Expected condition failed: waiting for visibility of element located by By.cssSelector: body.ng-tns-0-0.page-loaded.header-fixed.header-mobile-fixed.subheader-enabled.subheader-fixed.aside-enabled.aside-fixed.aside-minimize-hoverable.brand-dark:nth-child(2) kt-base.ng-star-inserted:nth-child(3) div.d-flex.flex-column.flex-root.ng-star-inserted div.d-flex.flex-row.flex-column-fluid.page:nth-child(1) div.d-flex.flex-column.flex-row-fluid.wrapper div.content.d-flex.flex-column.flex-column-fluid:nth-child(2) div.d-flex.flex-column-fluid.custom-class div.pl-0.container mydashboard-entry.ng-star-inserted:nth-child(2) div.kt_body div.row:nth-child(2) div.col-md-7.timeline-card div.card.card-custom.gutter-b.pr-0.ml-1 div.card-body div.tab-content.mt-5.ml-3 div.tab-panel.fade.show.active div.row div.col-xl-12.timelinelist1 div.example-right-align &amp;gt; button.btn.btn-primary.mat-focus-indicator.mat-raised-button.mat-button-base.ng-star-inserted (tried for 30 second(s) with 500 milliseconds interval)
Build info: version: &amp;apos;4.8.3&amp;apos;, revision: &amp;apos;e5e76298c3&amp;apos;
System info: os.name: &amp;apos;Windows 10&amp;apos;, os.arch: &amp;apos;amd64&amp;apos;, os.version: &amp;apos;10.0&amp;apos;, java.version: &amp;apos;11.0.18&amp;apos;
Driver info: org.openqa.selenium.chrome.ChromeDriver
Capabilities {acceptInsecureCerts: false, browserName: chrome, browserVersion: 114.0.5735.199, chrome: {chromedriverVersion: 114.0.5735.90 (386bc09e8f4f..., userDataDir: C:\Users\vadalima\AppData\L...}, goog:chromeOptions: {debuggerAddress: localhost:64925}, networkConnectionEnabled: false, pageLoadStrategy: normal, platformName: WINDOWS, proxy: Proxy(), se:cdp: ws://localhost:64925/devtoo..., se:cdpVersion: 114.0.5735.199, setWindowRect: true, strictFileInteractability: false, timeouts: {implicit: 0, pageLoad: 300000, script: 30000}, unhandledPromptBehavior: dismiss and notify, webauthn:extension:credBlob: true, webauthn:extension:largeBlob: true, webauthn:extension:minPinLength: true, webauthn:extension:prf: true, webauthn:virtualAuthenticators: true}
Session ID: f40f1547f8ee6c09ff1d4551389f07e5">
      <![CDATA[org.openqa.selenium.TimeoutException: Expected condition failed: waiting for visibility of element located by By.cssSelector: body.ng-tns-0-0.page-loaded.header-fixed.header-mobile-fixed.subheader-enabled.subheader-fixed.aside-enabled.aside-fixed.aside-minimize-hoverable.brand-dark:nth-child(2) kt-base.ng-star-inserted:nth-child(3) div.d-flex.flex-column.flex-root.ng-star-inserted div.d-flex.flex-row.flex-column-fluid.page:nth-child(1) div.d-flex.flex-column.flex-row-fluid.wrapper div.content.d-flex.flex-column.flex-column-fluid:nth-child(2) div.d-flex.flex-column-fluid.custom-class div.pl-0.container mydashboard-entry.ng-star-inserted:nth-child(2) div.kt_body div.row:nth-child(2) div.col-md-7.timeline-card div.card.card-custom.gutter-b.pr-0.ml-1 div.card-body div.tab-content.mt-5.ml-3 div.tab-panel.fade.show.active div.row div.col-xl-12.timelinelist1 div.example-right-align > button.btn.btn-primary.mat-focus-indicator.mat-raised-button.mat-button-base.ng-star-inserted (tried for 30 second(s) with 500 milliseconds interval)
Build info: version: '4.8.3', revision: 'e5e76298c3'
System info: os.name: 'Windows 10', os.arch: 'amd64', os.version: '10.0', java.version: '11.0.18'
Driver info: org.openqa.selenium.chrome.ChromeDriver
Capabilities {acceptInsecureCerts: false, browserName: chrome, browserVersion: 114.0.5735.199, chrome: {chromedriverVersion: 114.0.5735.90 (386bc09e8f4f..., userDataDir: C:\Users\vadalima\AppData\L...}, goog:chromeOptions: {debuggerAddress: localhost:64925}, networkConnectionEnabled: false, pageLoadStrategy: normal, platformName: WINDOWS, proxy: Proxy(), se:cdp: ws://localhost:64925/devtoo..., se:cdpVersion: 114.0.5735.199, setWindowRect: true, strictFileInteractability: false, timeouts: {implicit: 0, pageLoad: 300000, script: 30000}, unhandledPromptBehavior: dismiss and notify, webauthn:extension:credBlob: true, webauthn:extension:largeBlob: true, webauthn:extension:minPinLength: true, webauthn:extension:prf: true, webauthn:virtualAuthenticators: true}
Session ID: f40f1547f8ee6c09ff1d4551389f07e5
at org.openqa.selenium.support.ui.WebDriverWait.timeoutException(WebDriverWait.java:87)
at org.openqa.selenium.support.ui.FluentWait.until(FluentWait.java:231)
at com.example.Utilities.GenericUtils.verifyVisibility(GenericUtils.java:1355)
at com.example.PageObjects.SupervisorAccomplishment.clickOnAddaccomplishmentButton(SupervisorAccomplishment.java:80)
at com.example.StepDefinitions.SupervisorAccomplishmentSteps.User_clicks_on_Add_Accomplishment(SupervisorAccomplishmentSteps.java:55)
at âœ½.User clicks on Add Accomplishment(classpath:feature/Supervisioraccomplishment.feature:8)
]]>
    </failure>
  </testcase> <!-- runScenario -->
</testsuite> <!-- NirogStreet -->
